$(info.level): 09-Apr-2023 23:03:37: 	Started listening on PORT : 4000
$(info.level): 10-Apr-2023 00:14:44: 	Started listening on PORT : 4000
$(info.level): 10-Apr-2023 00:16:09: 	Started listening on PORT : 4000
$(info.level): 10-Apr-2023 00:16:16: 	Started listening on PORT : 4000
$(info.level): 10-Apr-2023 00:16:18: 	Started listening on PORT : 4000
$(info.level): 10-Apr-2023 00:16:19: 	Started listening on PORT : 4000
$(info.level): 10-Apr-2023 00:16:43: 	Started listening on PORT : 4000
$(info.level): 10-Apr-2023 00:19:36: 	Started listening on PORT : 4000
$(info.level): 10-Apr-2023 00:19:51: 	Started listening on PORT : 4000
$(info.level): 10-Apr-2023 00:19:54: 	Started listening on PORT : 4000
$(info.level): 10-Apr-2023 09:37:17: 	Started listening on PORT : 4000
$(info.level): 10-Apr-2023 09:38:42: 	Started listening on PORT : 4000
$(info.level): 10-Apr-2023 09:38:43: 	Started listening on PORT : 4000
$(info.level): 10-Apr-2023 09:38:44: 	Started listening on PORT : 4000
$(info.level): 10-Apr-2023 09:39:08: 	Started listening on PORT : 4000
$(info.level): 10-Apr-2023 09:39:09: 	Started listening on PORT : 4000
$(info.level): 10-Apr-2023 09:39:16: 	Started listening on PORT : 4000
$(info.level): 10-Apr-2023 09:39:22: 	Started listening on PORT : 4000
$(info.level): 10-Apr-2023 09:39:26: 	Started listening on PORT : 4000
$(info.level): 10-Apr-2023 09:39:30: 	Started listening on PORT : 4000
$(info.level): 10-Apr-2023 09:39:37: 	Started listening on PORT : 4000
$(info.level): 10-Apr-2023 09:41:49: 	Started listening on PORT : 4000
$(info.level): 10-Apr-2023 09:41:56: 	Add Buddy Service request is made
$(info.level): 10-Apr-2023 09:41:56: 	Started listening on PORT : 4000
$(info.level): 10-Apr-2023 09:42:43: 	Started listening on PORT : 4000
$(info.level): 10-Apr-2023 09:43:02: 	Started listening on PORT : 4000
$(info.level): 10-Apr-2023 09:43:04: 	Started listening on PORT : 4000
$(info.level): 10-Apr-2023 09:43:13: 	Started listening on PORT : 4000
$(info.level): 10-Apr-2023 09:43:16: 	Started listening on PORT : 4000
$(info.level): 10-Apr-2023 09:43:30: 	Started listening on PORT : 4000
$(info.level): 10-Apr-2023 09:43:53: 	Started listening on PORT : 4000
$(info.level): 10-Apr-2023 09:44:03: 	Started listening on PORT : 4000
$(info.level): 10-Apr-2023 09:44:03: 	Started listening on PORT : 4000
$(info.level): 10-Apr-2023 09:53:30: 	Started listening on PORT : 4000
$(info.level): 10-Apr-2023 09:54:33: 	Started listening on PORT : 4000
$(info.level): 10-Apr-2023 09:54:34: 	Started listening on PORT : 4000
$(info.level): 10-Apr-2023 09:54:35: 	Started listening on PORT : 4000
$(info.level): 10-Apr-2023 09:54:51: 	Started listening on PORT : 4000
$(info.level): 10-Apr-2023 09:55:10: 	Started listening on PORT : 4000
$(info.level): 10-Apr-2023 09:55:35: 	Started listening on PORT : 4000
$(info.level): 10-Apr-2023 09:55:36: 	Started listening on PORT : 4000
$(info.level): 10-Apr-2023 09:56:16: 	Started listening on PORT : 4000
$(info.level): 10-Apr-2023 09:56:28: 	Started listening on PORT : 4000
$(info.level): 10-Apr-2023 09:57:34: 	Started listening on PORT : 4000
$(info.level): 10-Apr-2023 09:57:37: 	GetAllBuddyService : 
$(info.level): 10-Apr-2023 14:11:42: 	Started listening on PORT : 4000
$(info.level): 10-Apr-2023 14:35:30: 	Started listening on PORT : 4000
$(info.level): 10-Apr-2023 14:35:38: 	Started listening on PORT : 4000
$(info.level): 10-Apr-2023 14:35:48: 	Started listening on PORT : 4000
$(info.level): 10-Apr-2023 14:36:10: 	Started listening on PORT : 4000
$(info.level): 10-Apr-2023 14:36:20: 	Started listening on PORT : 4000
$(info.level): 10-Apr-2023 14:36:22: 	Started listening on PORT : 4000
$(info.level): 10-Apr-2023 14:36:23: 	Started listening on PORT : 4000
$(info.level): 10-Apr-2023 14:36:25: 	Started listening on PORT : 4000
$(info.level): 10-Apr-2023 14:36:28: 	Started listening on PORT : 4000
$(info.level): 10-Apr-2023 14:36:29: 	Started listening on PORT : 4000
$(info.level): 10-Apr-2023 14:36:31: 	Started listening on PORT : 4000
$(info.level): 10-Apr-2023 14:36:34: 	Started listening on PORT : 4000
$(info.level): 10-Apr-2023 14:36:37: 	Started listening on PORT : 4000
$(info.level): 10-Apr-2023 14:36:43: 	Started listening on PORT : 4000
$(info.level): 10-Apr-2023 14:36:56: 	Started listening on PORT : 4000
$(info.level): 10-Apr-2023 14:37:00: 	Started listening on PORT : 4000
$(info.level): 10-Apr-2023 15:52:36: 	Started listening on PORT : 4001
$(info.level): 10-Apr-2023 15:53:05: 	Started listening on PORT : 4001
$(info.level): 10-Apr-2023 15:53:30: 	Started listening on PORT : 4001
$(info.level): 10-Apr-2023 15:53:36: 	Started listening on PORT : 4001
$(info.level): 10-Apr-2023 15:53:39: 	Started listening on PORT : 4001
$(info.level): 10-Apr-2023 15:53:45: 	Started listening on PORT : 4001
$(info.level): 10-Apr-2023 15:53:48: 	Started listening on PORT : 4001
$(info.level): 10-Apr-2023 15:53:50: 	Started listening on PORT : 4001
$(info.level): 10-Apr-2023 15:53:50: 	Started listening on PORT : 4001
$(info.level): 10-Apr-2023 15:54:32: 	Started listening on PORT : 4001
$(info.level): 10-Apr-2023 15:54:33: 	Started listening on PORT : 4001
$(info.level): 10-Apr-2023 15:54:53: 	Started listening on PORT : 4001
$(info.level): 10-Apr-2023 15:54:55: 	Started listening on PORT : 4001
$(info.level): 10-Apr-2023 15:55:11: 	Started listening on PORT : 4001
$(info.level): 10-Apr-2023 15:55:11: 	Started listening on PORT : 4001
$(info.level): 10-Apr-2023 15:56:15: 	Started listening on PORT : 4002
$(info.level): 10-Apr-2023 15:56:56: 	Started listening on PORT : 4002
$(info.level): 10-Apr-2023 15:56:59: 	Started listening on PORT : 4002
$(info.level): 10-Apr-2023 15:57:02: 	Started listening on PORT : 4002
$(info.level): 10-Apr-2023 15:57:07: 	Started listening on PORT : 4002
$(info.level): 10-Apr-2023 15:57:07: 	Started listening on PORT : 4002
$(info.level): 10-Apr-2023 15:57:23: 	Started listening on PORT : 4002
$(info.level): 10-Apr-2023 15:57:33: 	Started listening on PORT : 4002
$(info.level): 10-Apr-2023 15:57:34: 	Started listening on PORT : 4002
$(info.level): 10-Apr-2023 15:57:45: 	Started listening on PORT : 4002
$(info.level): 10-Apr-2023 15:57:58: 	Started listening on PORT : 4002
$(info.level): 10-Apr-2023 15:57:58: 	Started listening on PORT : 4002
$(info.level): 10-Apr-2023 15:58:00: 	Started listening on PORT : 4002
$(info.level): 10-Apr-2023 15:58:07: 	Started listening on PORT : 4002
$(info.level): 10-Apr-2023 15:58:18: 	Started listening on PORT : 4002
$(info.level): 10-Apr-2023 15:58:21: 	Started listening on PORT : 4002
$(info.level): 10-Apr-2023 15:58:41: 	Started listening on PORT : 4002
$(info.level): 10-Apr-2023 15:59:06: 	Started listening on PORT : 4002
$(info.level): 10-Apr-2023 15:59:06: 	Started listening on PORT : 4002
$(info.level): 10-Apr-2023 15:59:24: 	Started listening on PORT : 4002
$(info.level): 10-Apr-2023 15:59:25: 	Started listening on PORT : 4002
$(info.level): 10-Apr-2023 15:59:33: 	Started listening on PORT : 4002
$(info.level): 10-Apr-2023 15:59:44: 	Started listening on PORT : 4002
$(info.level): 10-Apr-2023 15:59:55: 	Started listening on PORT : 4002
$(info.level): 10-Apr-2023 15:59:55: 	Started listening on PORT : 4002
$(info.level): 10-Apr-2023 16:00:02: 	Started listening on PORT : 4002
$(info.level): 10-Apr-2023 16:00:12: 	Started listening on PORT : 4002
$(info.level): 10-Apr-2023 16:00:27: 	Started listening on PORT : 4002
$(info.level): 10-Apr-2023 16:00:27: 	Started listening on PORT : 4002
$(info.level): 10-Apr-2023 16:00:31: 	Started listening on PORT : 4002
$(info.level): 10-Apr-2023 16:00:45: 	Started listening on PORT : 4002
$(info.level): 10-Apr-2023 16:01:01: 	Started listening on PORT : 4002
$(info.level): 10-Apr-2023 16:01:06: 	Started listening on PORT : 4002
$(info.level): 10-Apr-2023 16:01:12: 	Started listening on PORT : 4002
$(info.level): 10-Apr-2023 16:02:03: 	Started listening on PORT : 4002
$(info.level): 10-Apr-2023 16:02:15: 	Started listening on PORT : 4002
$(info.level): 10-Apr-2023 16:02:15: 	Started listening on PORT : 4002
$(info.level): 10-Apr-2023 16:02:19: 	Started listening on PORT : 4002
$(info.level): 10-Apr-2023 16:02:25: 	Started listening on PORT : 4002
$(info.level): 10-Apr-2023 16:02:38: 	Started listening on PORT : 4002
$(info.level): 10-Apr-2023 16:02:54: 	Started listening on PORT : 4002
$(info.level): 10-Apr-2023 16:02:55: 	Started listening on PORT : 4002
$(info.level): 10-Apr-2023 16:02:57: 	Started listening on PORT : 4002
$(info.level): 10-Apr-2023 16:03:12: 	Started listening on PORT : 4002
$(info.level): 10-Apr-2023 16:03:18: 	Started listening on PORT : 4002
$(info.level): 10-Apr-2023 16:03:22: 	Started listening on PORT : 4002
$(info.level): 10-Apr-2023 16:03:28: 	Started listening on PORT : 4002
$(info.level): 10-Apr-2023 16:03:30: 	Started listening on PORT : 4002
$(info.level): 10-Apr-2023 16:03:33: 	Started listening on PORT : 4002
$(info.level): 10-Apr-2023 16:03:39: 	Started listening on PORT : 4002
$(info.level): 10-Apr-2023 16:03:41: 	Started listening on PORT : 4002
$(info.level): 10-Apr-2023 16:03:53: 	Started listening on PORT : 4002
$(info.level): 10-Apr-2023 16:03:54: 	Started listening on PORT : 4002
$(info.level): 10-Apr-2023 16:04:04: 	Started listening on PORT : 4002
$(info.level): 10-Apr-2023 16:04:20: 	Started listening on PORT : 4002
$(info.level): 10-Apr-2023 16:04:37: 	Started listening on PORT : 4002
$(info.level): 10-Apr-2023 16:04:44: 	Started listening on PORT : 4002
$(info.level): 10-Apr-2023 16:05:03: 	Started listening on PORT : 4002
$(info.level): 10-Apr-2023 16:05:07: 	Started listening on PORT : 4002
$(info.level): 10-Apr-2023 16:05:11: 	Started listening on PORT : 4002
$(info.level): 10-Apr-2023 16:05:29: 	Started listening on PORT : 4002
$(info.level): 10-Apr-2023 16:05:34: 	Started listening on PORT : 4002
$(info.level): 10-Apr-2023 16:05:42: 	Started listening on PORT : 4002
$(info.level): 10-Apr-2023 16:05:45: 	Started listening on PORT : 4002
$(info.level): 10-Apr-2023 16:05:52: 	Started listening on PORT : 4002
$(info.level): 10-Apr-2023 16:06:00: 	Started listening on PORT : 4002
$(info.level): 10-Apr-2023 16:06:07: 	Started listening on PORT : 4002
$(info.level): 10-Apr-2023 16:06:13: 	Started listening on PORT : 4002
$(info.level): 10-Apr-2023 16:06:18: 	Started listening on PORT : 4002
$(info.level): 10-Apr-2023 16:06:20: 	Started listening on PORT : 4002
$(info.level): 10-Apr-2023 16:06:24: 	Started listening on PORT : 4002
$(info.level): 10-Apr-2023 16:06:29: 	Started listening on PORT : 4002
$(info.level): 10-Apr-2023 16:07:01: 	Started listening on PORT : 4002
$(info.level): 10-Apr-2023 16:07:15: 	Started listening on PORT : 4002
$(info.level): 10-Apr-2023 16:07:15: 	Started listening on PORT : 4002
$(info.level): 10-Apr-2023 16:07:17: 	Started listening on PORT : 4002
$(info.level): 10-Apr-2023 16:07:29: 	Started listening on PORT : 4002
$(info.level): 10-Apr-2023 16:07:46: 	Started listening on PORT : 4002
$(info.level): 10-Apr-2023 16:07:50: 	Started listening on PORT : 4002
$(info.level): 10-Apr-2023 16:08:01: 	Started listening on PORT : 4002
$(info.level): 10-Apr-2023 16:08:03: 	Started listening on PORT : 4002
$(info.level): 10-Apr-2023 16:08:03: 	Started listening on PORT : 4002
$(info.level): 10-Apr-2023 16:08:27: 	Started listening on PORT : 4002
$(info.level): 10-Apr-2023 16:08:30: 	Started listening on PORT : 4002
$(info.level): 10-Apr-2023 16:08:42: 	Started listening on PORT : 4002
$(info.level): 10-Apr-2023 16:08:46: 	Started listening on PORT : 4002
$(info.level): 10-Apr-2023 16:08:52: 	Started listening on PORT : 4002
$(info.level): 10-Apr-2023 16:08:53: 	Started listening on PORT : 4002
$(info.level): 10-Apr-2023 16:09:00: 	Started listening on PORT : 4002
$(info.level): 10-Apr-2023 16:09:02: 	Started listening on PORT : 4002
$(info.level): 10-Apr-2023 16:09:15: 	Started listening on PORT : 4002
$(info.level): 10-Apr-2023 16:09:18: 	Started listening on PORT : 4002
$(info.level): 10-Apr-2023 16:09:22: 	Started listening on PORT : 4002
$(info.level): 10-Apr-2023 16:09:26: 	Started listening on PORT : 4002
$(info.level): 10-Apr-2023 16:09:47: 	Started listening on PORT : 4002
$(info.level): 10-Apr-2023 16:09:51: 	Started listening on PORT : 4002
$(info.level): 10-Apr-2023 16:09:58: 	Started listening on PORT : 4002
$(info.level): 10-Apr-2023 16:10:00: 	Started listening on PORT : 4002
$(info.level): 10-Apr-2023 16:10:02: 	Started listening on PORT : 4002
$(info.level): 10-Apr-2023 16:10:05: 	Started listening on PORT : 4002
$(info.level): 10-Apr-2023 16:10:06: 	Started listening on PORT : 4002
$(info.level): 10-Apr-2023 16:10:14: 	Started listening on PORT : 4002
$(info.level): 10-Apr-2023 16:10:19: 	Started listening on PORT : 4002
$(info.level): 10-Apr-2023 16:10:26: 	Started listening on PORT : 4002
$(info.level): 10-Apr-2023 16:10:37: 	Started listening on PORT : 4002
$(info.level): 10-Apr-2023 16:10:48: 	Started listening on PORT : 4002
$(info.level): 10-Apr-2023 16:10:54: 	Started listening on PORT : 4002
$(info.level): 10-Apr-2023 16:11:00: 	Started listening on PORT : 4002
$(info.level): 10-Apr-2023 16:13:00: 	Started listening on PORT : 4002
$(info.level): 10-Apr-2023 16:13:15: 	GetAllBuddyService is Requested
$(info.level): 10-Apr-2023 17:06:32: 	Started listening on PORT : 4002
$(info.level): 10-Apr-2023 17:06:35: 	GetAllBuddyService is Requested
$(info.level): 10-Apr-2023 17:08:58: 	Started listening on PORT : 4002
$(info.level): 10-Apr-2023 17:09:03: 	Started listening on PORT : 4002
$(info.level): 10-Apr-2023 17:09:07: 	Started listening on PORT : 4002
$(info.level): 10-Apr-2023 17:09:10: 	Started listening on PORT : 4002
$(info.level): 10-Apr-2023 17:09:16: 	Started listening on PORT : 4002
$(info.level): 10-Apr-2023 17:09:17: 	Started listening on PORT : 4002
$(info.level): 10-Apr-2023 17:09:24: 	Started listening on PORT : 4002
$(info.level): 10-Apr-2023 17:09:26: 	Started listening on PORT : 4002
$(info.level): 10-Apr-2023 17:09:29: 	Started listening on PORT : 4002
$(info.level): 10-Apr-2023 17:09:31: 	Started listening on PORT : 4002
$(info.level): 10-Apr-2023 17:09:37: 	GetAllBuddyService is Requested
$(info.level): 10-Apr-2023 17:10:02: 	Started listening on PORT : 4002
$(info.level): 10-Apr-2023 17:10:13: 	Started listening on PORT : 4002
$(info.level): 10-Apr-2023 17:10:13: 	GetAllBuddyService is Requested
$(info.level): 10-Apr-2023 17:10:52: 	Started listening on PORT : 4002
$(info.level): 10-Apr-2023 17:10:54: 	Started listening on PORT : 4002
$(info.level): 10-Apr-2023 17:10:56: 	Started listening on PORT : 4002
$(info.level): 10-Apr-2023 17:11:01: 	Started listening on PORT : 4002
$(info.level): 10-Apr-2023 17:11:03: 	GetAllBuddyService is Requested
$(info.level): 10-Apr-2023 17:11:12: 	Started listening on PORT : 4002
$(info.level): 10-Apr-2023 17:11:14: 	GetAllBuddyService is Requested
$(info.level): 11-Apr-2023 10:14:47: 	Started listening on PORT : 4002
$(info.level): 11-Apr-2023 10:15:05: 	GetAllBuddyService is Requested
$(info.level): 11-Apr-2023 10:25:24: 	Started listening on PORT : 4002
$(info.level): 11-Apr-2023 10:25:29: 	AddBuddyService is requested
$(info.level): 11-Apr-2023 10:25:29: 	Add Buddy Service request is made
$(info.level): 11-Apr-2023 10:25:30: 	AddBuddyService is requested
$(info.level): 11-Apr-2023 10:25:30: 	Add Buddy Service request is made
$(info.level): 11-Apr-2023 10:25:31: 	AddBuddyService is requested
$(info.level): 11-Apr-2023 10:25:31: 	Add Buddy Service request is made
$(info.level): 11-Apr-2023 20:15:15: 	Started listening on PORT : 4002
$(info.level): 11-Apr-2023 20:15:21: 	Default Moduele request made
$(info.level): 11-Apr-2023 20:15:45: 	AddBuddyService is requested
$(info.level): 11-Apr-2023 20:16:15: 	Started listening on PORT : 4002
$(info.level): 11-Apr-2023 20:16:18: 	AddBuddyService is requested
$(info.level): 11-Apr-2023 20:16:18: 	Add Buddy Service request is made
$(info.level): 12-Apr-2023 17:22:02: 	Started listening on PORT : 4002
$(info.level): 12-Apr-2023 17:22:12: 	Default Moduele request made
$(info.level): 12-Apr-2023 17:22:25: 	Default Moduele request made
$(info.level): 12-Apr-2023 17:22:58: 	GetBuddyService is requested
